<?xml version="1.0" encoding="UTF-8"?>
<!-- Generated by org.testng.reporters.JUnitReportReporter -->
<testsuite name="com.testng.sample.NewTest1" tests="1" time="0.002" ignored="2" failures="0" timestamp="01 四月 2017 11:19:38 GMT" skipped="0" hostname="CNENLIUJ39L1C" errors="0">
  <testcase name="testGR3" time="0.002" classname="com.testng.sample.NewTest1"/>
  <testcase name="testLogin" classname="com.testng.sample.NewTest">
    <skipped/>
  </testcase> <!-- testLogin -->
  <testcase name="testOpenPage" classname="com.testng.sample.NewTest">
    <skipped/>
  </testcase> <!-- testOpenPage -->
</testsuite> <!-- com.testng.sample.NewTest1 -->
